<?xml version="1.0" encoding="UTF-8"?>
<!-- Generated by org.testng.reporters.JUnitReportReporter -->
<testsuite hostname="Mariam" failures="0" tests="9" name="com.demoBlaze.tests.RegisterTest" time="20.112" errors="0" timestamp="2025-02-23T03:52:53 GMT+04:00" skipped="0">
  <testcase classname="com.demoBlaze.tests.RegisterTest" name="testValidSignup" time="3.485"/>
  <system-out/>
  <testcase classname="com.demoBlaze.tests.RegisterTest" name="testEmptyName" time="0.830"/>
  <system-out/>
  <testcase classname="com.demoBlaze.tests.RegisterTest" name="testSingleCharacterName" time="1.303"/>
  <system-out/>
  <testcase classname="com.demoBlaze.tests.RegisterTest" name="testNameWithNumbers" time="1.319"/>
  <system-out/>
  <testcase classname="com.demoBlaze.tests.RegisterTest" name="testNameWithSpecialCharacters" time="1.319"/>
  <system-out/>
  <testcase classname="com.demoBlaze.tests.RegisterTest" name="testLongName" time="1.860"/>
  <system-out/>
  <testcase classname="com.demoBlaze.tests.RegisterTest" name="testTrimmedSpacesInName" time="1.868"/>
  <system-out/>
  <testcase classname="com.demoBlaze.tests.RegisterTest" name="testAutoLoginAfterSignup" time="3.757"/>
  <system-out/>
  <testcase classname="com.demoBlaze.tests.RegisterTest" name="testLogoutAndLoginPersistence" time="4.371"/>
  <system-out/>
</testsuite> <!-- com.demoBlaze.tests.RegisterTest -->
